<?xml version="1.0" encoding="UTF-8"?>
<testsuites name="CURA_Login_TS" time="13.056" tests="1" failures="0" errors="0">
   <testsuite name="CURA_Login_TS" tests="1" failures="0" errors="0" time="13.056" skipped="0" timestamp="30-01-2024T12:34:25" hostname="vishnu - vishnu" id="Test Suites/TS_CURA/CURA_Login_TS">
      <properties>
         <property name="deviceName" value=""/>
         <property name="devicePlatform" value=""/>
         <property name="logFolder" value="/home/vishnu/git/Testing_project_CURA-HEALTHCARE/Reports/20240130_123402/TS_CURA/CURA_Login_TS/20240130_123405"/>
         <property name="logFiles" value="/home/vishnu/git/Testing_project_CURA-HEALTHCARE/Reports/20240130_123402/TS_CURA/CURA_Login_TS/20240130_123405/execution0.log"/>
         <property name="attachments" value=""/>
         <property name="hostName" value="vishnu - vishnu"/>
         <property name="os" value="Linux 64bit"/>
         <property name="katalonVersion" value="9.2.0.212"/>
         <property name="browser" value="Chrome 120.0.0.0"/>
         <property name="hostAddress" value="127.0.1.1"/>
         <property name="sessionId" value="7ebf3cbb29ef91dca9516cf0c94a91ae"/>
         <property name="seleniumVersion" value="3.141.59"/>
         <property name="proxyInformation" value="ProxyInformation { proxyOption=NO_PROXY, proxyServerType=HTTP, username=, password=********, proxyServerAddress=, proxyServerPort=0, executionList=&quot;&quot;, isApplyToDesiredCapabilities=true }"/>
         <property name="platform" value="Linux"/>
      </properties>
      <testcase name="Test Cases/CURA_Login/Login" time="12.858" classname="Test Cases/CURA_Login/Login" status="PASSED">
         <system-out><![CDATA[30-01-2024T12:34:25 - [TEST_CASE][PASSED] - Test Cases/CURA_Login/Login: Test Cases/CURA_Login/Login

30-01-2024T12:34:25 - [TEST_STEP][PASSED] - callTestCase(findTestCase("CURA_Name_validation/CURA Heading validation"), ["link":"https://katalon-demo-cura.herokuapp.com/"], STOP_ON_FAILURE): Call Test Case 'Test Cases/CURA_Name_validation/CURA Heading validation' successfully

30-01-2024T12:34:26 - [TEST_CASE][PASSED] - Test Cases/CURA_Name_validation/CURA Heading validation: Test Cases/CURA_Name_validation/CURA Heading validation

30-01-2024T12:34:26 - [TEST_STEP][PASSED] - openBrowser(link): Browser is opened with url: 'https://katalon-demo-cura.herokuapp.com/'

30-01-2024T12:34:26 - [MESSAGE][INFO] - Starting 'Chrome' driver

30-01-2024T12:34:26 - [MESSAGE][INFO] - Action delay is set to 0 milliseconds

30-01-2024T12:34:32 - [MESSAGE][PASSED] - Browser is opened with url: 'https://katalon-demo-cura.herokuapp.com/'

30-01-2024T12:34:32 - [TEST_STEP][PASSED] - verifyElementPresent(findTestObject("cura_healthcare/Cura_name_validation/h1_CURA Healthcare Service"), 30): Object 'Object Repository/cura_healthcare/Cura_name_validation/h1_CURA Healthcare Service' is present

30-01-2024T12:34:33 - [MESSAGE][PASSED] - Object 'Object Repository/cura_healthcare/Cura_name_validation/h1_CURA Healthcare Service' is present

30-01-2024T12:34:33 - [MESSAGE][PASSED] - Call Test Case 'Test Cases/CURA_Name_validation/CURA Heading validation' successfully

30-01-2024T12:34:33 - [TEST_STEP][PASSED] - click(findTestObject("cura_healthcare/Cura_LOGIN/Cura_login/i_CURA Healthcare_fa fa-bars")): Object: 'Object Repository/cura_healthcare/Cura_LOGIN/Cura_login/i_CURA Healthcare_fa fa-bars' is clicked on

30-01-2024T12:34:33 - [MESSAGE][PASSED] - Object: 'Object Repository/cura_healthcare/Cura_LOGIN/Cura_login/i_CURA Healthcare_fa fa-bars' is clicked on

30-01-2024T12:34:33 - [TEST_STEP][PASSED] - click(findTestObject("cura_healthcare/Cura_LOGIN/Cura_login/a_Login")): Object: 'Object Repository/cura_healthcare/Cura_LOGIN/Cura_login/a_Login' is clicked on

30-01-2024T12:34:35 - [MESSAGE][PASSED] - Object: 'Object Repository/cura_healthcare/Cura_LOGIN/Cura_login/a_Login' is clicked on

30-01-2024T12:34:35 - [TEST_STEP][PASSED] - setText(findTestObject("cura_healthcare/Cura_LOGIN/Cura_login/input_Username"), Name): Text 'John Doe' is set on object 'Object Repository/cura_healthcare/Cura_LOGIN/Cura_login/input_Username'

30-01-2024T12:34:36 - [MESSAGE][PASSED] - Text 'John Doe' is set on object 'Object Repository/cura_healthcare/Cura_LOGIN/Cura_login/input_Username'

30-01-2024T12:34:36 - [TEST_STEP][PASSED] - setText(findTestObject("cura_healthcare/Cura_LOGIN/Cura_login/input_Password"), Password): Text 'ThisIsNotAPassword' is set on object 'Object Repository/cura_healthcare/Cura_LOGIN/Cura_login/input_Password'

30-01-2024T12:34:36 - [MESSAGE][PASSED] - Text 'ThisIsNotAPassword' is set on object 'Object Repository/cura_healthcare/Cura_LOGIN/Cura_login/input_Password'

30-01-2024T12:34:36 - [TEST_STEP][PASSED] - click(findTestObject("cura_healthcare/Cura_LOGIN/Cura_login/button_Login")): Object: 'Object Repository/cura_healthcare/Cura_LOGIN/Cura_login/button_Login' is clicked on

30-01-2024T12:34:38 - [MESSAGE][PASSED] - Object: 'Object Repository/cura_healthcare/Cura_LOGIN/Cura_login/button_Login' is clicked on]]></system-out>
         <system-err><![CDATA[]]></system-err>
      </testcase>
      <system-out><![CDATA[30-01-2024T12:34:25 - [TEST_SUITE][PASSED] - CURA_Login_TS: Test Cases/CURA_Login/Login]]></system-out>
      <system-err><![CDATA[]]></system-err>
   </testsuite>
</testsuites>
