<?xml version="1.0" encoding="UTF-8"?>
<testsuites name="CURA_History-Logout_TS" time="45.042" tests="2" failures="0" errors="0">
   <testsuite name="CURA_History-Logout_TS" tests="2" failures="0" errors="0" time="45.042" skipped="0" timestamp="30-01-2024T12:28:57" hostname="vishnu - vishnu" id="Test Suites/TS_CURA/CURA_History-Logout_TS">
      <properties>
         <property name="deviceName" value=""/>
         <property name="devicePlatform" value=""/>
         <property name="logFolder" value="/home/vishnu/git/Testing_project_CURA-HEALTHCARE/Reports/20240130_122726/TS_CURA/CURA_History-Logout_TS/20240130_122733"/>
         <property name="logFiles" value="/home/vishnu/git/Testing_project_CURA-HEALTHCARE/Reports/20240130_122726/TS_CURA/CURA_History-Logout_TS/20240130_122733/execution0.log"/>
         <property name="attachments" value=""/>
         <property name="hostName" value="vishnu - vishnu"/>
         <property name="os" value="Linux 64bit"/>
         <property name="katalonVersion" value="9.2.0.212"/>
         <property name="browser" value="Chrome 120.0.0.0"/>
         <property name="hostAddress" value="127.0.1.1"/>
         <property name="sessionId" value="5ed181eea7b5a95ef71f55f990e8cf89"/>
         <property name="seleniumVersion" value="3.141.59"/>
         <property name="proxyInformation" value="ProxyInformation { proxyOption=NO_PROXY, proxyServerType=HTTP, username=, password=********, proxyServerAddress=, proxyServerPort=0, executionList=&quot;&quot;, isApplyToDesiredCapabilities=true }"/>
         <property name="platform" value="Linux"/>
      </properties>
      <testcase name="Test Cases/CURA_History/History" time="21.757" classname="Test Cases/CURA_History/History" status="PASSED">
         <system-out><![CDATA[30-01-2024T12:28:58 - [TEST_CASE][PASSED] - Test Cases/CURA_History/History: Test Cases/CURA_History/History

30-01-2024T12:28:58 - [TEST_STEP][PASSED] - callTestCase(findTestCase("CURA_Makeappointment/appointment booking"), ["Hospital":findTestData("CURA_BookingAppointment/Dropdown_list").getValue(1, 1), "Program":findTestData("CURA_BookingAppointment/Healthcare_Program").getValue(1, 1), ... ], STOP_ON_FAILURE): Call Test Case 'Test Cases/CURA_Makeappointment/appointment booking' successfully

30-01-2024T12:28:59 - [TEST_CASE][PASSED] - Test Cases/CURA_Makeappointment/appointment booking: Test Cases/CURA_Makeappointment/appointment booking

30-01-2024T12:28:59 - [TEST_STEP][PASSED] - callTestCase(findTestCase("CURA_Login/Login"), ["link":"https://katalon-demo-cura.herokuapp.com/", "Name":findTestData("CURA_login_data/login_data").getValue(1, 1), "Password":findTestData("CURA_login_data/login_data").getValue(2, 1)], STOP_ON_FAILURE): Call Test Case 'Test Cases/CURA_Login/Login' successfully

30-01-2024T12:28:59 - [TEST_CASE][PASSED] - Test Cases/CURA_Login/Login: Test Cases/CURA_Login/Login

30-01-2024T12:28:59 - [TEST_STEP][PASSED] - callTestCase(findTestCase("CURA_Name_validation/CURA Heading validation"), ["link":"https://katalon-demo-cura.herokuapp.com/"], STOP_ON_FAILURE): Call Test Case 'Test Cases/CURA_Name_validation/CURA Heading validation' successfully

30-01-2024T12:28:59 - [TEST_CASE][PASSED] - Test Cases/CURA_Name_validation/CURA Heading validation: Test Cases/CURA_Name_validation/CURA Heading validation

30-01-2024T12:28:59 - [TEST_STEP][PASSED] - openBrowser(link): Browser is opened with url: 'https://katalon-demo-cura.herokuapp.com/'

30-01-2024T12:28:59 - [MESSAGE][INFO] - Starting 'Chrome' driver

30-01-2024T12:28:59 - [MESSAGE][INFO] - Action delay is set to 0 milliseconds

30-01-2024T12:29:06 - [MESSAGE][PASSED] - Browser is opened with url: 'https://katalon-demo-cura.herokuapp.com/'

30-01-2024T12:29:06 - [TEST_STEP][PASSED] - verifyElementPresent(findTestObject("cura_healthcare/Cura_name_validation/h1_CURA Healthcare Service"), 30): Object 'Object Repository/cura_healthcare/Cura_name_validation/h1_CURA Healthcare Service' is present

30-01-2024T12:29:06 - [MESSAGE][PASSED] - Object 'Object Repository/cura_healthcare/Cura_name_validation/h1_CURA Healthcare Service' is present

30-01-2024T12:29:06 - [MESSAGE][PASSED] - Call Test Case 'Test Cases/CURA_Name_validation/CURA Heading validation' successfully

30-01-2024T12:29:07 - [TEST_STEP][PASSED] - click(findTestObject("cura_healthcare/Cura_LOGIN/Cura_login/i_CURA Healthcare_fa fa-bars")): Object: 'Object Repository/cura_healthcare/Cura_LOGIN/Cura_login/i_CURA Healthcare_fa fa-bars' is clicked on

30-01-2024T12:29:07 - [MESSAGE][PASSED] - Object: 'Object Repository/cura_healthcare/Cura_LOGIN/Cura_login/i_CURA Healthcare_fa fa-bars' is clicked on

30-01-2024T12:29:07 - [TEST_STEP][PASSED] - click(findTestObject("cura_healthcare/Cura_LOGIN/Cura_login/a_Login")): Object: 'Object Repository/cura_healthcare/Cura_LOGIN/Cura_login/a_Login' is clicked on

30-01-2024T12:29:08 - [MESSAGE][PASSED] - Object: 'Object Repository/cura_healthcare/Cura_LOGIN/Cura_login/a_Login' is clicked on

30-01-2024T12:29:08 - [TEST_STEP][PASSED] - setText(findTestObject("cura_healthcare/Cura_LOGIN/Cura_login/input_Username"), Name): Text 'John Doe' is set on object 'Object Repository/cura_healthcare/Cura_LOGIN/Cura_login/input_Username'

30-01-2024T12:29:09 - [MESSAGE][PASSED] - Text 'John Doe' is set on object 'Object Repository/cura_healthcare/Cura_LOGIN/Cura_login/input_Username'

30-01-2024T12:29:09 - [TEST_STEP][PASSED] - setText(findTestObject("cura_healthcare/Cura_LOGIN/Cura_login/input_Password"), Password): Text 'ThisIsNotAPassword' is set on object 'Object Repository/cura_healthcare/Cura_LOGIN/Cura_login/input_Password'

30-01-2024T12:29:10 - [MESSAGE][PASSED] - Text 'ThisIsNotAPassword' is set on object 'Object Repository/cura_healthcare/Cura_LOGIN/Cura_login/input_Password'

30-01-2024T12:29:10 - [TEST_STEP][PASSED] - click(findTestObject("cura_healthcare/Cura_LOGIN/Cura_login/button_Login")): Object: 'Object Repository/cura_healthcare/Cura_LOGIN/Cura_login/button_Login' is clicked on

30-01-2024T12:29:12 - [MESSAGE][PASSED] - Object: 'Object Repository/cura_healthcare/Cura_LOGIN/Cura_login/button_Login' is clicked on

30-01-2024T12:29:12 - [MESSAGE][PASSED] - Call Test Case 'Test Cases/CURA_Login/Login' successfully

30-01-2024T12:29:12 - [TEST_STEP][PASSED] - selectOptionByValue(findTestObject("cura_healthcare/Cura_booking_appointment/Booking appointment/Dropdown list"), "Hongkong CURA Healthcare Center", false): All options with value 'Hongkong CURA Healthcare Center' are selected in object 'Object Repository/cura_healthcare/Cura_booking_appointment/Booking appointment/Dropdown list' 

30-01-2024T12:29:13 - [MESSAGE][PASSED] - All options with value 'Hongkong CURA Healthcare Center' are selected in object 'Object Repository/cura_healthcare/Cura_booking_appointment/Booking appointment/Dropdown list' 

30-01-2024T12:29:13 - [TEST_STEP][PASSED] - ky_droplist.dropdownvalue.CheckDropDownListElementExist(findTestObject("cura_healthcare/Cura_booking_appointment/Booking appointment/select_Tokyo CURA Healthcare Center        _5b4107"), "Hongkong CURA Healthcare Center"): ky_droplist.dropdownvalue.CheckDropDownListElementExist is PASSED

30-01-2024T12:29:13 - [MESSAGE][PASSED] - ky_droplist.dropdownvalue.CheckDropDownListElementExist is PASSED

30-01-2024T12:29:13 - [TEST_STEP][PASSED] - check(findTestObject("cura_healthcare/Cura_booking_appointment/Booking appointment/Readmission")): Object 'Object Repository/cura_healthcare/Cura_booking_appointment/Booking appointment/Readmission' is checked

30-01-2024T12:29:14 - [MESSAGE][PASSED] - Object 'Object Repository/cura_healthcare/Cura_booking_appointment/Booking appointment/Readmission' is checked

30-01-2024T12:29:14 - [TEST_STEP][PASSED] - check(findTestObject("cura_healthcare/Cura_booking_appointment/Booking appointment/input_Medicaid_programs")): Object 'Object Repository/cura_healthcare/Cura_booking_appointment/Booking appointment/input_Medicaid_programs' is checked

30-01-2024T12:29:14 - [MESSAGE][PASSED] - Object 'Object Repository/cura_healthcare/Cura_booking_appointment/Booking appointment/input_Medicaid_programs' is checked

30-01-2024T12:29:14 - [TEST_STEP][PASSED] - setText(findTestObject("cura_healthcare/Cura_booking_appointment/Booking appointment/input_Visit Date (Required)_visit_date"), Set_Date): Text '24/01/2024' is set on object 'Object Repository/cura_healthcare/Cura_booking_appointment/Booking appointment/input_Visit Date (Required)_visit_date'

30-01-2024T12:29:15 - [MESSAGE][PASSED] - Text '24/01/2024' is set on object 'Object Repository/cura_healthcare/Cura_booking_appointment/Booking appointment/input_Visit Date (Required)_visit_date'

30-01-2024T12:29:15 - [TEST_STEP][PASSED] - setText(findTestObject("cura_healthcare/Cura_booking_appointment/Booking appointment/textarea_Comment_comment"), Comment): Text 'Cold' is set on object 'Object Repository/cura_healthcare/Cura_booking_appointment/Booking appointment/textarea_Comment_comment'

30-01-2024T12:29:16 - [MESSAGE][PASSED] - Text 'Cold' is set on object 'Object Repository/cura_healthcare/Cura_booking_appointment/Booking appointment/textarea_Comment_comment'

30-01-2024T12:29:16 - [TEST_STEP][PASSED] - click(findTestObject("cura_healthcare/Cura_booking_appointment/Booking appointment/button_Book Appointment")): Object: 'Object Repository/cura_healthcare/Cura_booking_appointment/Booking appointment/button_Book Appointment' is clicked on

30-01-2024T12:29:17 - [MESSAGE][PASSED] - Object: 'Object Repository/cura_healthcare/Cura_booking_appointment/Booking appointment/button_Book Appointment' is clicked on

30-01-2024T12:29:17 - [MESSAGE][PASSED] - Call Test Case 'Test Cases/CURA_Makeappointment/appointment booking' successfully

30-01-2024T12:29:17 - [TEST_STEP][PASSED] - click(findTestObject("cura_healthcare/Cura_History/History/i_CURA Healthcare_fa fa-bars")): Object: 'Object Repository/cura_healthcare/Cura_History/History/i_CURA Healthcare_fa fa-bars' is clicked on

30-01-2024T12:29:17 - [MESSAGE][PASSED] - Object: 'Object Repository/cura_healthcare/Cura_History/History/i_CURA Healthcare_fa fa-bars' is clicked on

30-01-2024T12:29:17 - [TEST_STEP][PASSED] - click(findTestObject("cura_healthcare/Cura_History/History/a_History")): Object: 'Object Repository/cura_healthcare/Cura_History/History/a_History' is clicked on

30-01-2024T12:29:19 - [MESSAGE][PASSED] - Object: 'Object Repository/cura_healthcare/Cura_History/History/a_History' is clicked on

30-01-2024T12:29:19 - [TEST_STEP][PASSED] - verifyElementPresent(findTestObject("cura_healthcare/Cura_History/History/h2_History"), 0): Object 'Object Repository/cura_healthcare/Cura_History/History/h2_History' is present

30-01-2024T12:29:19 - [MESSAGE][WARNING] - Timeout '0' is invalid. Using default page load timeout: '30'

30-01-2024T12:29:19 - [MESSAGE][PASSED] - Object 'Object Repository/cura_healthcare/Cura_History/History/h2_History' is present]]></system-out>
         <system-err><![CDATA[]]></system-err>
      </testcase>
      <testcase name="Test Cases/CURA_Logout/Logout" time="23.112" classname="Test Cases/CURA_Logout/Logout" status="PASSED">
         <system-out><![CDATA[30-01-2024T12:29:19 - [TEST_CASE][PASSED] - Test Cases/CURA_Logout/Logout: Test Cases/CURA_Logout/Logout

30-01-2024T12:29:19 - [TEST_STEP][PASSED] - callTestCase(findTestCase("CURA_History/History"), [:], STOP_ON_FAILURE): Call Test Case 'Test Cases/CURA_History/History' successfully

30-01-2024T12:29:19 - [TEST_CASE][PASSED] - Test Cases/CURA_History/History: Test Cases/CURA_History/History

30-01-2024T12:29:19 - [TEST_STEP][PASSED] - callTestCase(findTestCase("CURA_Makeappointment/appointment booking"), ["Hospital":findTestData("CURA_BookingAppointment/Dropdown_list").getValue(1, 1), "Program":findTestData("CURA_BookingAppointment/Healthcare_Program").getValue(1, 1), ... ], STOP_ON_FAILURE): Call Test Case 'Test Cases/CURA_Makeappointment/appointment booking' successfully

30-01-2024T12:29:20 - [TEST_CASE][PASSED] - Test Cases/CURA_Makeappointment/appointment booking: Test Cases/CURA_Makeappointment/appointment booking

30-01-2024T12:29:20 - [TEST_STEP][PASSED] - callTestCase(findTestCase("CURA_Login/Login"), ["link":"https://katalon-demo-cura.herokuapp.com/", "Name":findTestData("CURA_login_data/login_data").getValue(1, 1), "Password":findTestData("CURA_login_data/login_data").getValue(2, 1)], STOP_ON_FAILURE): Call Test Case 'Test Cases/CURA_Login/Login' successfully

30-01-2024T12:29:20 - [TEST_CASE][PASSED] - Test Cases/CURA_Login/Login: Test Cases/CURA_Login/Login

30-01-2024T12:29:20 - [TEST_STEP][PASSED] - callTestCase(findTestCase("CURA_Name_validation/CURA Heading validation"), ["link":"https://katalon-demo-cura.herokuapp.com/"], STOP_ON_FAILURE): Call Test Case 'Test Cases/CURA_Name_validation/CURA Heading validation' successfully

30-01-2024T12:29:20 - [TEST_CASE][PASSED] - Test Cases/CURA_Name_validation/CURA Heading validation: Test Cases/CURA_Name_validation/CURA Heading validation

30-01-2024T12:29:20 - [TEST_STEP][PASSED] - openBrowser(link): Browser is opened with url: 'https://katalon-demo-cura.herokuapp.com/'

30-01-2024T12:29:20 - [MESSAGE][WARNING] - A browser is already opened. Closing browser and opening a new one

30-01-2024T12:29:20 - [MESSAGE][INFO] - Starting 'Chrome' driver

30-01-2024T12:29:20 - [MESSAGE][INFO] - Action delay is set to 0 milliseconds

30-01-2024T12:29:26 - [MESSAGE][PASSED] - Browser is opened with url: 'https://katalon-demo-cura.herokuapp.com/'

30-01-2024T12:29:26 - [TEST_STEP][PASSED] - verifyElementPresent(findTestObject("cura_healthcare/Cura_name_validation/h1_CURA Healthcare Service"), 30): Object 'Object Repository/cura_healthcare/Cura_name_validation/h1_CURA Healthcare Service' is present

30-01-2024T12:29:26 - [MESSAGE][PASSED] - Object 'Object Repository/cura_healthcare/Cura_name_validation/h1_CURA Healthcare Service' is present

30-01-2024T12:29:26 - [MESSAGE][PASSED] - Call Test Case 'Test Cases/CURA_Name_validation/CURA Heading validation' successfully

30-01-2024T12:29:26 - [TEST_STEP][PASSED] - click(findTestObject("cura_healthcare/Cura_LOGIN/Cura_login/i_CURA Healthcare_fa fa-bars")): Object: 'Object Repository/cura_healthcare/Cura_LOGIN/Cura_login/i_CURA Healthcare_fa fa-bars' is clicked on

30-01-2024T12:29:27 - [MESSAGE][PASSED] - Object: 'Object Repository/cura_healthcare/Cura_LOGIN/Cura_login/i_CURA Healthcare_fa fa-bars' is clicked on

30-01-2024T12:29:27 - [TEST_STEP][PASSED] - click(findTestObject("cura_healthcare/Cura_LOGIN/Cura_login/a_Login")): Object: 'Object Repository/cura_healthcare/Cura_LOGIN/Cura_login/a_Login' is clicked on

30-01-2024T12:29:28 - [MESSAGE][PASSED] - Object: 'Object Repository/cura_healthcare/Cura_LOGIN/Cura_login/a_Login' is clicked on

30-01-2024T12:29:28 - [TEST_STEP][PASSED] - setText(findTestObject("cura_healthcare/Cura_LOGIN/Cura_login/input_Username"), Name): Text 'John Doe' is set on object 'Object Repository/cura_healthcare/Cura_LOGIN/Cura_login/input_Username'

30-01-2024T12:29:29 - [MESSAGE][PASSED] - Text 'John Doe' is set on object 'Object Repository/cura_healthcare/Cura_LOGIN/Cura_login/input_Username'

30-01-2024T12:29:29 - [TEST_STEP][PASSED] - setText(findTestObject("cura_healthcare/Cura_LOGIN/Cura_login/input_Password"), Password): Text 'ThisIsNotAPassword' is set on object 'Object Repository/cura_healthcare/Cura_LOGIN/Cura_login/input_Password'

30-01-2024T12:29:30 - [MESSAGE][PASSED] - Text 'ThisIsNotAPassword' is set on object 'Object Repository/cura_healthcare/Cura_LOGIN/Cura_login/input_Password'

30-01-2024T12:29:30 - [TEST_STEP][PASSED] - click(findTestObject("cura_healthcare/Cura_LOGIN/Cura_login/button_Login")): Object: 'Object Repository/cura_healthcare/Cura_LOGIN/Cura_login/button_Login' is clicked on

30-01-2024T12:29:32 - [MESSAGE][PASSED] - Object: 'Object Repository/cura_healthcare/Cura_LOGIN/Cura_login/button_Login' is clicked on

30-01-2024T12:29:32 - [MESSAGE][PASSED] - Call Test Case 'Test Cases/CURA_Login/Login' successfully

30-01-2024T12:29:32 - [TEST_STEP][PASSED] - selectOptionByValue(findTestObject("cura_healthcare/Cura_booking_appointment/Booking appointment/Dropdown list"), "Hongkong CURA Healthcare Center", false): All options with value 'Hongkong CURA Healthcare Center' are selected in object 'Object Repository/cura_healthcare/Cura_booking_appointment/Booking appointment/Dropdown list' 

30-01-2024T12:29:33 - [MESSAGE][PASSED] - All options with value 'Hongkong CURA Healthcare Center' are selected in object 'Object Repository/cura_healthcare/Cura_booking_appointment/Booking appointment/Dropdown list' 

30-01-2024T12:29:33 - [TEST_STEP][PASSED] - ky_droplist.dropdownvalue.CheckDropDownListElementExist(findTestObject("cura_healthcare/Cura_booking_appointment/Booking appointment/select_Tokyo CURA Healthcare Center        _5b4107"), "Hongkong CURA Healthcare Center"): ky_droplist.dropdownvalue.CheckDropDownListElementExist is PASSED

30-01-2024T12:29:34 - [MESSAGE][PASSED] - ky_droplist.dropdownvalue.CheckDropDownListElementExist is PASSED

30-01-2024T12:29:34 - [TEST_STEP][PASSED] - check(findTestObject("cura_healthcare/Cura_booking_appointment/Booking appointment/Readmission")): Object 'Object Repository/cura_healthcare/Cura_booking_appointment/Booking appointment/Readmission' is checked

30-01-2024T12:29:34 - [MESSAGE][PASSED] - Object 'Object Repository/cura_healthcare/Cura_booking_appointment/Booking appointment/Readmission' is checked

30-01-2024T12:29:34 - [TEST_STEP][PASSED] - check(findTestObject("cura_healthcare/Cura_booking_appointment/Booking appointment/input_Medicaid_programs")): Object 'Object Repository/cura_healthcare/Cura_booking_appointment/Booking appointment/input_Medicaid_programs' is checked

30-01-2024T12:29:34 - [MESSAGE][PASSED] - Object 'Object Repository/cura_healthcare/Cura_booking_appointment/Booking appointment/input_Medicaid_programs' is checked

30-01-2024T12:29:34 - [TEST_STEP][PASSED] - setText(findTestObject("cura_healthcare/Cura_booking_appointment/Booking appointment/input_Visit Date (Required)_visit_date"), Set_Date): Text '24/01/2024' is set on object 'Object Repository/cura_healthcare/Cura_booking_appointment/Booking appointment/input_Visit Date (Required)_visit_date'

30-01-2024T12:29:35 - [MESSAGE][PASSED] - Text '24/01/2024' is set on object 'Object Repository/cura_healthcare/Cura_booking_appointment/Booking appointment/input_Visit Date (Required)_visit_date'

30-01-2024T12:29:35 - [TEST_STEP][PASSED] - setText(findTestObject("cura_healthcare/Cura_booking_appointment/Booking appointment/textarea_Comment_comment"), Comment): Text 'Cold' is set on object 'Object Repository/cura_healthcare/Cura_booking_appointment/Booking appointment/textarea_Comment_comment'

30-01-2024T12:29:36 - [MESSAGE][PASSED] - Text 'Cold' is set on object 'Object Repository/cura_healthcare/Cura_booking_appointment/Booking appointment/textarea_Comment_comment'

30-01-2024T12:29:36 - [TEST_STEP][PASSED] - click(findTestObject("cura_healthcare/Cura_booking_appointment/Booking appointment/button_Book Appointment")): Object: 'Object Repository/cura_healthcare/Cura_booking_appointment/Booking appointment/button_Book Appointment' is clicked on

30-01-2024T12:29:37 - [MESSAGE][PASSED] - Object: 'Object Repository/cura_healthcare/Cura_booking_appointment/Booking appointment/button_Book Appointment' is clicked on

30-01-2024T12:29:37 - [MESSAGE][PASSED] - Call Test Case 'Test Cases/CURA_Makeappointment/appointment booking' successfully

30-01-2024T12:29:37 - [TEST_STEP][PASSED] - click(findTestObject("cura_healthcare/Cura_History/History/i_CURA Healthcare_fa fa-bars")): Object: 'Object Repository/cura_healthcare/Cura_History/History/i_CURA Healthcare_fa fa-bars' is clicked on

30-01-2024T12:29:38 - [MESSAGE][PASSED] - Object: 'Object Repository/cura_healthcare/Cura_History/History/i_CURA Healthcare_fa fa-bars' is clicked on

30-01-2024T12:29:38 - [TEST_STEP][PASSED] - click(findTestObject("cura_healthcare/Cura_History/History/a_History")): Object: 'Object Repository/cura_healthcare/Cura_History/History/a_History' is clicked on

30-01-2024T12:29:39 - [MESSAGE][PASSED] - Object: 'Object Repository/cura_healthcare/Cura_History/History/a_History' is clicked on

30-01-2024T12:29:39 - [TEST_STEP][PASSED] - verifyElementPresent(findTestObject("cura_healthcare/Cura_History/History/h2_History"), 0): Object 'Object Repository/cura_healthcare/Cura_History/History/h2_History' is present

30-01-2024T12:29:39 - [MESSAGE][WARNING] - Timeout '0' is invalid. Using default page load timeout: '30'

30-01-2024T12:29:40 - [MESSAGE][PASSED] - Object 'Object Repository/cura_healthcare/Cura_History/History/h2_History' is present

30-01-2024T12:29:40 - [MESSAGE][PASSED] - Call Test Case 'Test Cases/CURA_History/History' successfully

30-01-2024T12:29:40 - [TEST_STEP][PASSED] - click(findTestObject("cura_healthcare/Cura_Logout/Logout/i_CURA Healthcare_fa fa-bars")): Object: 'Object Repository/cura_healthcare/Cura_Logout/Logout/i_CURA Healthcare_fa fa-bars' is clicked on

30-01-2024T12:29:40 - [MESSAGE][PASSED] - Object: 'Object Repository/cura_healthcare/Cura_Logout/Logout/i_CURA Healthcare_fa fa-bars' is clicked on

30-01-2024T12:29:40 - [TEST_STEP][PASSED] - click(findTestObject("cura_healthcare/Cura_Logout/Logout/a_Logout")): Object: 'Object Repository/cura_healthcare/Cura_Logout/Logout/a_Logout' is clicked on

30-01-2024T12:29:42 - [MESSAGE][PASSED] - Object: 'Object Repository/cura_healthcare/Cura_Logout/Logout/a_Logout' is clicked on

30-01-2024T12:29:42 - [TEST_STEP][PASSED] - verifyElementVisible(findTestObject("cura_healthcare/Cura_Logout/Logout/div_HOME")): Object 'Object Repository/cura_healthcare/Cura_Logout/Logout/div_HOME' is visible

30-01-2024T12:29:42 - [MESSAGE][PASSED] - Object 'Object Repository/cura_healthcare/Cura_Logout/Logout/div_HOME' is visible

30-01-2024T12:29:42 - [TEST_STEP][PASSED] - closeBrowser(): Browser is closed

30-01-2024T12:29:42 - [MESSAGE][PASSED] - Browser is closed]]></system-out>
         <system-err><![CDATA[]]></system-err>
      </testcase>
      <system-out><![CDATA[30-01-2024T12:28:57 - [TEST_SUITE][PASSED] - CURA_History-Logout_TS: Test Cases/CURA_Logout/Logout]]></system-out>
      <system-err><![CDATA[]]></system-err>
   </testsuite>
</testsuites>
