<?xml version="1.0" encoding="UTF-8"?>
<testsuites name="CURA" time="75.787" tests="5" failures="0" errors="0">
   <testsuite name="CURA" tests="5" failures="0" errors="0" time="75.787" skipped="0" timestamp="29-01-2024T21:52:54" hostname="vishnu - vishnu" id="Test Suites/TS_CURA/CURA">
      <properties>
         <property name="deviceName" value=""/>
         <property name="devicePlatform" value=""/>
         <property name="logFolder" value="/home/vishnu/git/Testing_project_CURA-HEALTHCARE/Reports/20240129_215251/TS_CURA/CURA/20240129_215251"/>
         <property name="logFiles" value="/home/vishnu/git/Testing_project_CURA-HEALTHCARE/Reports/20240129_215251/TS_CURA/CURA/20240129_215251/execution0.log"/>
         <property name="attachments" value=""/>
         <property name="hostName" value="vishnu - vishnu"/>
         <property name="os" value="Linux 64bit"/>
         <property name="katalonVersion" value="9.2.0.212"/>
         <property name="browser" value="Chrome 120.0.0.0"/>
         <property name="hostAddress" value="127.0.1.1"/>
         <property name="sessionId" value="ae599966e3dc647a028570387960a63b"/>
         <property name="seleniumVersion" value="3.141.59"/>
         <property name="proxyInformation" value="ProxyInformation { proxyOption=NO_PROXY, proxyServerType=HTTP, username=, password=********, proxyServerAddress=, proxyServerPort=0, executionList=&quot;&quot;, isApplyToDesiredCapabilities=true }"/>
         <property name="platform" value="Linux"/>
      </properties>
      <testcase name="Test Cases/CURA_Healthcare_Service/CURA Heading validation" time="6.564" classname="Test Cases/CURA_Healthcare_Service/CURA Heading validation" status="PASSED">
         <system-out><![CDATA[29-01-2024T21:52:55 - [TEST_CASE][PASSED] - Test Cases/CURA_Healthcare_Service/CURA Heading validation: Test Cases/CURA_Healthcare_Service/CURA Heading validation

29-01-2024T21:52:55 - [TEST_STEP][PASSED] - openBrowser(link): Browser is opened with url: 'https://katalon-demo-cura.herokuapp.com/'

29-01-2024T21:52:55 - [MESSAGE][INFO] - Starting 'Chrome' driver

29-01-2024T21:52:55 - [MESSAGE][INFO] - Action delay is set to 0 milliseconds

29-01-2024T21:53:00 - [MESSAGE][PASSED] - Browser is opened with url: 'https://katalon-demo-cura.herokuapp.com/'

29-01-2024T21:53:00 - [TEST_STEP][PASSED] - verifyElementPresent(findTestObject("cura_healthcare/Cura_name_validation/h1_CURA Healthcare Service"), 0): Object 'Object Repository/cura_healthcare/Cura_name_validation/h1_CURA Healthcare Service' is present

29-01-2024T21:53:01 - [MESSAGE][WARNING] - Timeout '0' is invalid. Using default page load timeout: '30'

29-01-2024T21:53:01 - [MESSAGE][PASSED] - Object 'Object Repository/cura_healthcare/Cura_name_validation/h1_CURA Healthcare Service' is present]]></system-out>
         <system-err><![CDATA[]]></system-err>
      </testcase>
      <testcase name="Test Cases/CURA_Login/Login" time="12.138" classname="Test Cases/CURA_Login/Login" status="PASSED">
         <system-out><![CDATA[29-01-2024T21:53:01 - [TEST_CASE][PASSED] - Test Cases/CURA_Login/Login: Test Cases/CURA_Login/Login

29-01-2024T21:53:01 - [TEST_STEP][PASSED] - callTestCase(findTestCase("CURA_Healthcare_Service/CURA Heading validation"), ["link":"https://katalon-demo-cura.herokuapp.com/"], STOP_ON_FAILURE): Call Test Case 'Test Cases/CURA_Healthcare_Service/CURA Heading validation' successfully

29-01-2024T21:53:01 - [TEST_CASE][PASSED] - Test Cases/CURA_Healthcare_Service/CURA Heading validation: Test Cases/CURA_Healthcare_Service/CURA Heading validation

29-01-2024T21:53:01 - [TEST_STEP][PASSED] - openBrowser(link): Browser is opened with url: 'https://katalon-demo-cura.herokuapp.com/'

29-01-2024T21:53:01 - [MESSAGE][WARNING] - A browser is already opened. Closing browser and opening a new one

29-01-2024T21:53:02 - [MESSAGE][INFO] - Starting 'Chrome' driver

29-01-2024T21:53:02 - [MESSAGE][INFO] - Action delay is set to 0 milliseconds

29-01-2024T21:53:08 - [MESSAGE][PASSED] - Browser is opened with url: 'https://katalon-demo-cura.herokuapp.com/'

29-01-2024T21:53:08 - [TEST_STEP][PASSED] - verifyElementPresent(findTestObject("cura_healthcare/Cura_name_validation/h1_CURA Healthcare Service"), 0): Object 'Object Repository/cura_healthcare/Cura_name_validation/h1_CURA Healthcare Service' is present

29-01-2024T21:53:08 - [MESSAGE][WARNING] - Timeout '0' is invalid. Using default page load timeout: '30'

29-01-2024T21:53:08 - [MESSAGE][PASSED] - Object 'Object Repository/cura_healthcare/Cura_name_validation/h1_CURA Healthcare Service' is present

29-01-2024T21:53:08 - [MESSAGE][PASSED] - Call Test Case 'Test Cases/CURA_Healthcare_Service/CURA Heading validation' successfully

29-01-2024T21:53:08 - [TEST_STEP][PASSED] - click(findTestObject("cura_healthcare/Cura_LOGIN/Cura_login/i_CURA Healthcare_fa fa-bars")): Object: 'Object Repository/cura_healthcare/Cura_LOGIN/Cura_login/i_CURA Healthcare_fa fa-bars' is clicked on

29-01-2024T21:53:09 - [MESSAGE][PASSED] - Object: 'Object Repository/cura_healthcare/Cura_LOGIN/Cura_login/i_CURA Healthcare_fa fa-bars' is clicked on

29-01-2024T21:53:09 - [TEST_STEP][PASSED] - click(findTestObject("cura_healthcare/Cura_LOGIN/Cura_login/a_Login")): Object: 'Object Repository/cura_healthcare/Cura_LOGIN/Cura_login/a_Login' is clicked on

29-01-2024T21:53:10 - [MESSAGE][PASSED] - Object: 'Object Repository/cura_healthcare/Cura_LOGIN/Cura_login/a_Login' is clicked on

29-01-2024T21:53:10 - [TEST_STEP][PASSED] - setText(findTestObject("cura_healthcare/Cura_LOGIN/Cura_login/input_Username"), Name): Text 'John Doe' is set on object 'Object Repository/cura_healthcare/Cura_LOGIN/Cura_login/input_Username'

29-01-2024T21:53:11 - [MESSAGE][PASSED] - Text 'John Doe' is set on object 'Object Repository/cura_healthcare/Cura_LOGIN/Cura_login/input_Username'

29-01-2024T21:53:11 - [TEST_STEP][PASSED] - setText(findTestObject("cura_healthcare/Cura_LOGIN/Cura_login/input_Password"), Password): Text 'ThisIsNotAPassword' is set on object 'Object Repository/cura_healthcare/Cura_LOGIN/Cura_login/input_Password'

29-01-2024T21:53:12 - [MESSAGE][PASSED] - Text 'ThisIsNotAPassword' is set on object 'Object Repository/cura_healthcare/Cura_LOGIN/Cura_login/input_Password'

29-01-2024T21:53:12 - [TEST_STEP][PASSED] - click(findTestObject("cura_healthcare/Cura_LOGIN/Cura_login/button_Login")): Object: 'Object Repository/cura_healthcare/Cura_LOGIN/Cura_login/button_Login' is clicked on

29-01-2024T21:53:13 - [MESSAGE][PASSED] - Object: 'Object Repository/cura_healthcare/Cura_LOGIN/Cura_login/button_Login' is clicked on]]></system-out>
         <system-err><![CDATA[]]></system-err>
      </testcase>
      <testcase name="Test Cases/CURA_Makeappointment/appointment booking" time="17.746" classname="Test Cases/CURA_Makeappointment/appointment booking" status="PASSED">
         <system-out><![CDATA[29-01-2024T21:53:13 - [TEST_CASE][PASSED] - Test Cases/CURA_Makeappointment/appointment booking: Test Cases/CURA_Makeappointment/appointment booking

29-01-2024T21:53:14 - [TEST_STEP][PASSED] - callTestCase(findTestCase("CURA_Login/Login"), ["link":"https://katalon-demo-cura.herokuapp.com/", "Name":findTestData("CURA_login_data/login_data").getValue(1, 1), "Password":findTestData("CURA_login_data/login_data").getValue(2, 1)], STOP_ON_FAILURE): Call Test Case 'Test Cases/CURA_Login/Login' successfully

29-01-2024T21:53:14 - [TEST_CASE][PASSED] - Test Cases/CURA_Login/Login: Test Cases/CURA_Login/Login

29-01-2024T21:53:14 - [TEST_STEP][PASSED] - callTestCase(findTestCase("CURA_Healthcare_Service/CURA Heading validation"), ["link":"https://katalon-demo-cura.herokuapp.com/"], STOP_ON_FAILURE): Call Test Case 'Test Cases/CURA_Healthcare_Service/CURA Heading validation' successfully

29-01-2024T21:53:14 - [TEST_CASE][PASSED] - Test Cases/CURA_Healthcare_Service/CURA Heading validation: Test Cases/CURA_Healthcare_Service/CURA Heading validation

29-01-2024T21:53:14 - [TEST_STEP][PASSED] - openBrowser(link): Browser is opened with url: 'https://katalon-demo-cura.herokuapp.com/'

29-01-2024T21:53:14 - [MESSAGE][WARNING] - A browser is already opened. Closing browser and opening a new one

29-01-2024T21:53:14 - [MESSAGE][INFO] - Starting 'Chrome' driver

29-01-2024T21:53:14 - [MESSAGE][INFO] - Action delay is set to 0 milliseconds

29-01-2024T21:53:21 - [MESSAGE][PASSED] - Browser is opened with url: 'https://katalon-demo-cura.herokuapp.com/'

29-01-2024T21:53:21 - [TEST_STEP][PASSED] - verifyElementPresent(findTestObject("cura_healthcare/Cura_name_validation/h1_CURA Healthcare Service"), 0): Object 'Object Repository/cura_healthcare/Cura_name_validation/h1_CURA Healthcare Service' is present

29-01-2024T21:53:21 - [MESSAGE][WARNING] - Timeout '0' is invalid. Using default page load timeout: '30'

29-01-2024T21:53:21 - [MESSAGE][PASSED] - Object 'Object Repository/cura_healthcare/Cura_name_validation/h1_CURA Healthcare Service' is present

29-01-2024T21:53:21 - [MESSAGE][PASSED] - Call Test Case 'Test Cases/CURA_Healthcare_Service/CURA Heading validation' successfully

29-01-2024T21:53:21 - [TEST_STEP][PASSED] - click(findTestObject("cura_healthcare/Cura_LOGIN/Cura_login/i_CURA Healthcare_fa fa-bars")): Object: 'Object Repository/cura_healthcare/Cura_LOGIN/Cura_login/i_CURA Healthcare_fa fa-bars' is clicked on

29-01-2024T21:53:21 - [MESSAGE][PASSED] - Object: 'Object Repository/cura_healthcare/Cura_LOGIN/Cura_login/i_CURA Healthcare_fa fa-bars' is clicked on

29-01-2024T21:53:21 - [TEST_STEP][PASSED] - click(findTestObject("cura_healthcare/Cura_LOGIN/Cura_login/a_Login")): Object: 'Object Repository/cura_healthcare/Cura_LOGIN/Cura_login/a_Login' is clicked on

29-01-2024T21:53:23 - [MESSAGE][PASSED] - Object: 'Object Repository/cura_healthcare/Cura_LOGIN/Cura_login/a_Login' is clicked on

29-01-2024T21:53:23 - [TEST_STEP][PASSED] - setText(findTestObject("cura_healthcare/Cura_LOGIN/Cura_login/input_Username"), Name): Text 'John Doe' is set on object 'Object Repository/cura_healthcare/Cura_LOGIN/Cura_login/input_Username'

29-01-2024T21:53:24 - [MESSAGE][PASSED] - Text 'John Doe' is set on object 'Object Repository/cura_healthcare/Cura_LOGIN/Cura_login/input_Username'

29-01-2024T21:53:24 - [TEST_STEP][PASSED] - setText(findTestObject("cura_healthcare/Cura_LOGIN/Cura_login/input_Password"), Password): Text 'ThisIsNotAPassword' is set on object 'Object Repository/cura_healthcare/Cura_LOGIN/Cura_login/input_Password'

29-01-2024T21:53:25 - [MESSAGE][PASSED] - Text 'ThisIsNotAPassword' is set on object 'Object Repository/cura_healthcare/Cura_LOGIN/Cura_login/input_Password'

29-01-2024T21:53:25 - [TEST_STEP][PASSED] - click(findTestObject("cura_healthcare/Cura_LOGIN/Cura_login/button_Login")): Object: 'Object Repository/cura_healthcare/Cura_LOGIN/Cura_login/button_Login' is clicked on

29-01-2024T21:53:26 - [MESSAGE][PASSED] - Object: 'Object Repository/cura_healthcare/Cura_LOGIN/Cura_login/button_Login' is clicked on

29-01-2024T21:53:26 - [MESSAGE][PASSED] - Call Test Case 'Test Cases/CURA_Login/Login' successfully

29-01-2024T21:53:26 - [TEST_STEP][PASSED] - selectOptionByValue(findTestObject("cura_healthcare/Cura_booking_appointment/Booking appointment/Dropdown list"), Hospital, false): All options with value 'Hongkong CURA Healthcare Center' are selected in object 'Object Repository/cura_healthcare/Cura_booking_appointment/Booking appointment/Dropdown list' 

29-01-2024T21:53:27 - [MESSAGE][PASSED] - All options with value 'Hongkong CURA Healthcare Center' are selected in object 'Object Repository/cura_healthcare/Cura_booking_appointment/Booking appointment/Dropdown list' 

29-01-2024T21:53:27 - [TEST_STEP][PASSED] - check(findTestObject("cura_healthcare/Cura_booking_appointment/Booking appointment/Readmission")): Object 'Object Repository/cura_healthcare/Cura_booking_appointment/Booking appointment/Readmission' is checked

29-01-2024T21:53:28 - [MESSAGE][PASSED] - Object 'Object Repository/cura_healthcare/Cura_booking_appointment/Booking appointment/Readmission' is checked

29-01-2024T21:53:28 - [TEST_STEP][PASSED] - check(findTestObject("cura_healthcare/Cura_booking_appointment/Booking appointment/input_Medicaid_programs")): Object 'Object Repository/cura_healthcare/Cura_booking_appointment/Booking appointment/input_Medicaid_programs' is checked

29-01-2024T21:53:28 - [MESSAGE][PASSED] - Object 'Object Repository/cura_healthcare/Cura_booking_appointment/Booking appointment/input_Medicaid_programs' is checked

29-01-2024T21:53:28 - [TEST_STEP][PASSED] - setText(findTestObject("cura_healthcare/Cura_booking_appointment/Booking appointment/input_Visit Date (Required)_visit_date"), Set_Date): Text '24/01/2024' is set on object 'Object Repository/cura_healthcare/Cura_booking_appointment/Booking appointment/input_Visit Date (Required)_visit_date'

29-01-2024T21:53:29 - [MESSAGE][PASSED] - Text '24/01/2024' is set on object 'Object Repository/cura_healthcare/Cura_booking_appointment/Booking appointment/input_Visit Date (Required)_visit_date'

29-01-2024T21:53:29 - [TEST_STEP][PASSED] - setText(findTestObject("cura_healthcare/Cura_booking_appointment/Booking appointment/textarea_Comment_comment"), Comment): Text 'Cold' is set on object 'Object Repository/cura_healthcare/Cura_booking_appointment/Booking appointment/textarea_Comment_comment'

29-01-2024T21:53:30 - [MESSAGE][PASSED] - Text 'Cold' is set on object 'Object Repository/cura_healthcare/Cura_booking_appointment/Booking appointment/textarea_Comment_comment'

29-01-2024T21:53:30 - [TEST_STEP][PASSED] - click(findTestObject("cura_healthcare/Cura_booking_appointment/Booking appointment/button_Book Appointment")): Object: 'Object Repository/cura_healthcare/Cura_booking_appointment/Booking appointment/button_Book Appointment' is clicked on

29-01-2024T21:53:31 - [MESSAGE][PASSED] - Object: 'Object Repository/cura_healthcare/Cura_booking_appointment/Booking appointment/button_Book Appointment' is clicked on]]></system-out>
         <system-err><![CDATA[]]></system-err>
      </testcase>
      <testcase name="Test Cases/CURA_History/History" time="18.113" classname="Test Cases/CURA_History/History" status="PASSED">
         <system-out><![CDATA[29-01-2024T21:53:31 - [TEST_CASE][PASSED] - Test Cases/CURA_History/History: Test Cases/CURA_History/History

29-01-2024T21:53:31 - [TEST_STEP][PASSED] - callTestCase(findTestCase("CURA_Makeappointment/appointment booking"), ["Hospital":findTestData("CURA_BookingAppointment/Dropdown_list").getValue(1, 1), "Program":findTestData("CURA_BookingAppointment/Healthcare_Program").getValue(1, 1), ... ], STOP_ON_FAILURE): Call Test Case 'Test Cases/CURA_Makeappointment/appointment booking' successfully

29-01-2024T21:53:31 - [TEST_CASE][PASSED] - Test Cases/CURA_Makeappointment/appointment booking: Test Cases/CURA_Makeappointment/appointment booking

29-01-2024T21:53:31 - [TEST_STEP][PASSED] - callTestCase(findTestCase("CURA_Login/Login"), ["link":"https://katalon-demo-cura.herokuapp.com/", "Name":findTestData("CURA_login_data/login_data").getValue(1, 1), "Password":findTestData("CURA_login_data/login_data").getValue(2, 1)], STOP_ON_FAILURE): Call Test Case 'Test Cases/CURA_Login/Login' successfully

29-01-2024T21:53:32 - [TEST_CASE][PASSED] - Test Cases/CURA_Login/Login: Test Cases/CURA_Login/Login

29-01-2024T21:53:32 - [TEST_STEP][PASSED] - callTestCase(findTestCase("CURA_Healthcare_Service/CURA Heading validation"), ["link":"https://katalon-demo-cura.herokuapp.com/"], STOP_ON_FAILURE): Call Test Case 'Test Cases/CURA_Healthcare_Service/CURA Heading validation' successfully

29-01-2024T21:53:32 - [TEST_CASE][PASSED] - Test Cases/CURA_Healthcare_Service/CURA Heading validation: Test Cases/CURA_Healthcare_Service/CURA Heading validation

29-01-2024T21:53:32 - [TEST_STEP][PASSED] - openBrowser(link): Browser is opened with url: 'https://katalon-demo-cura.herokuapp.com/'

29-01-2024T21:53:32 - [MESSAGE][WARNING] - A browser is already opened. Closing browser and opening a new one

29-01-2024T21:53:32 - [MESSAGE][INFO] - Starting 'Chrome' driver

29-01-2024T21:53:32 - [MESSAGE][INFO] - Action delay is set to 0 milliseconds

29-01-2024T21:53:37 - [MESSAGE][PASSED] - Browser is opened with url: 'https://katalon-demo-cura.herokuapp.com/'

29-01-2024T21:53:37 - [TEST_STEP][PASSED] - verifyElementPresent(findTestObject("cura_healthcare/Cura_name_validation/h1_CURA Healthcare Service"), 0): Object 'Object Repository/cura_healthcare/Cura_name_validation/h1_CURA Healthcare Service' is present

29-01-2024T21:53:37 - [MESSAGE][WARNING] - Timeout '0' is invalid. Using default page load timeout: '30'

29-01-2024T21:53:38 - [MESSAGE][PASSED] - Object 'Object Repository/cura_healthcare/Cura_name_validation/h1_CURA Healthcare Service' is present

29-01-2024T21:53:38 - [MESSAGE][PASSED] - Call Test Case 'Test Cases/CURA_Healthcare_Service/CURA Heading validation' successfully

29-01-2024T21:53:38 - [TEST_STEP][PASSED] - click(findTestObject("cura_healthcare/Cura_LOGIN/Cura_login/i_CURA Healthcare_fa fa-bars")): Object: 'Object Repository/cura_healthcare/Cura_LOGIN/Cura_login/i_CURA Healthcare_fa fa-bars' is clicked on

29-01-2024T21:53:38 - [MESSAGE][PASSED] - Object: 'Object Repository/cura_healthcare/Cura_LOGIN/Cura_login/i_CURA Healthcare_fa fa-bars' is clicked on

29-01-2024T21:53:38 - [TEST_STEP][PASSED] - click(findTestObject("cura_healthcare/Cura_LOGIN/Cura_login/a_Login")): Object: 'Object Repository/cura_healthcare/Cura_LOGIN/Cura_login/a_Login' is clicked on

29-01-2024T21:53:39 - [MESSAGE][PASSED] - Object: 'Object Repository/cura_healthcare/Cura_LOGIN/Cura_login/a_Login' is clicked on

29-01-2024T21:53:39 - [TEST_STEP][PASSED] - setText(findTestObject("cura_healthcare/Cura_LOGIN/Cura_login/input_Username"), Name): Text 'John Doe' is set on object 'Object Repository/cura_healthcare/Cura_LOGIN/Cura_login/input_Username'

29-01-2024T21:53:40 - [MESSAGE][PASSED] - Text 'John Doe' is set on object 'Object Repository/cura_healthcare/Cura_LOGIN/Cura_login/input_Username'

29-01-2024T21:53:40 - [TEST_STEP][PASSED] - setText(findTestObject("cura_healthcare/Cura_LOGIN/Cura_login/input_Password"), Password): Text 'ThisIsNotAPassword' is set on object 'Object Repository/cura_healthcare/Cura_LOGIN/Cura_login/input_Password'

29-01-2024T21:53:41 - [MESSAGE][PASSED] - Text 'ThisIsNotAPassword' is set on object 'Object Repository/cura_healthcare/Cura_LOGIN/Cura_login/input_Password'

29-01-2024T21:53:41 - [TEST_STEP][PASSED] - click(findTestObject("cura_healthcare/Cura_LOGIN/Cura_login/button_Login")): Object: 'Object Repository/cura_healthcare/Cura_LOGIN/Cura_login/button_Login' is clicked on

29-01-2024T21:53:43 - [MESSAGE][PASSED] - Object: 'Object Repository/cura_healthcare/Cura_LOGIN/Cura_login/button_Login' is clicked on

29-01-2024T21:53:43 - [MESSAGE][PASSED] - Call Test Case 'Test Cases/CURA_Login/Login' successfully

29-01-2024T21:53:43 - [TEST_STEP][PASSED] - selectOptionByValue(findTestObject("cura_healthcare/Cura_booking_appointment/Booking appointment/Dropdown list"), Hospital, false): All options with value 'Hongkong CURA Healthcare Center' are selected in object 'Object Repository/cura_healthcare/Cura_booking_appointment/Booking appointment/Dropdown list' 

29-01-2024T21:53:43 - [MESSAGE][PASSED] - All options with value 'Hongkong CURA Healthcare Center' are selected in object 'Object Repository/cura_healthcare/Cura_booking_appointment/Booking appointment/Dropdown list' 

29-01-2024T21:53:43 - [TEST_STEP][PASSED] - check(findTestObject("cura_healthcare/Cura_booking_appointment/Booking appointment/Readmission")): Object 'Object Repository/cura_healthcare/Cura_booking_appointment/Booking appointment/Readmission' is checked

29-01-2024T21:53:44 - [MESSAGE][PASSED] - Object 'Object Repository/cura_healthcare/Cura_booking_appointment/Booking appointment/Readmission' is checked

29-01-2024T21:53:44 - [TEST_STEP][PASSED] - check(findTestObject("cura_healthcare/Cura_booking_appointment/Booking appointment/input_Medicaid_programs")): Object 'Object Repository/cura_healthcare/Cura_booking_appointment/Booking appointment/input_Medicaid_programs' is checked

29-01-2024T21:53:44 - [MESSAGE][PASSED] - Object 'Object Repository/cura_healthcare/Cura_booking_appointment/Booking appointment/input_Medicaid_programs' is checked

29-01-2024T21:53:44 - [TEST_STEP][PASSED] - setText(findTestObject("cura_healthcare/Cura_booking_appointment/Booking appointment/input_Visit Date (Required)_visit_date"), Set_Date): Text '24/01/2024' is set on object 'Object Repository/cura_healthcare/Cura_booking_appointment/Booking appointment/input_Visit Date (Required)_visit_date'

29-01-2024T21:53:45 - [MESSAGE][PASSED] - Text '24/01/2024' is set on object 'Object Repository/cura_healthcare/Cura_booking_appointment/Booking appointment/input_Visit Date (Required)_visit_date'

29-01-2024T21:53:45 - [TEST_STEP][PASSED] - setText(findTestObject("cura_healthcare/Cura_booking_appointment/Booking appointment/textarea_Comment_comment"), Comment): Text 'Cold' is set on object 'Object Repository/cura_healthcare/Cura_booking_appointment/Booking appointment/textarea_Comment_comment'

29-01-2024T21:53:46 - [MESSAGE][PASSED] - Text 'Cold' is set on object 'Object Repository/cura_healthcare/Cura_booking_appointment/Booking appointment/textarea_Comment_comment'

29-01-2024T21:53:46 - [TEST_STEP][PASSED] - click(findTestObject("cura_healthcare/Cura_booking_appointment/Booking appointment/button_Book Appointment")): Object: 'Object Repository/cura_healthcare/Cura_booking_appointment/Booking appointment/button_Book Appointment' is clicked on

29-01-2024T21:53:47 - [MESSAGE][PASSED] - Object: 'Object Repository/cura_healthcare/Cura_booking_appointment/Booking appointment/button_Book Appointment' is clicked on

29-01-2024T21:53:47 - [MESSAGE][PASSED] - Call Test Case 'Test Cases/CURA_Makeappointment/appointment booking' successfully

29-01-2024T21:53:47 - [TEST_STEP][PASSED] - click(findTestObject("cura_healthcare/Cura_History/History/i_CURA Healthcare_fa fa-bars")): Object: 'Object Repository/cura_healthcare/Cura_History/History/i_CURA Healthcare_fa fa-bars' is clicked on

29-01-2024T21:53:48 - [MESSAGE][PASSED] - Object: 'Object Repository/cura_healthcare/Cura_History/History/i_CURA Healthcare_fa fa-bars' is clicked on

29-01-2024T21:53:48 - [TEST_STEP][PASSED] - click(findTestObject("cura_healthcare/Cura_History/History/a_History")): Object: 'Object Repository/cura_healthcare/Cura_History/History/a_History' is clicked on

29-01-2024T21:53:49 - [MESSAGE][PASSED] - Object: 'Object Repository/cura_healthcare/Cura_History/History/a_History' is clicked on

29-01-2024T21:53:49 - [TEST_STEP][PASSED] - verifyElementPresent(findTestObject("cura_healthcare/Cura_History/History/h2_History"), 0): Object 'Object Repository/cura_healthcare/Cura_History/History/h2_History' is present

29-01-2024T21:53:49 - [MESSAGE][WARNING] - Timeout '0' is invalid. Using default page load timeout: '30'

29-01-2024T21:53:49 - [MESSAGE][PASSED] - Object 'Object Repository/cura_healthcare/Cura_History/History/h2_History' is present]]></system-out>
         <system-err><![CDATA[]]></system-err>
      </testcase>
      <testcase name="Test Cases/CURA_Logout/Logout" time="20.859" classname="Test Cases/CURA_Logout/Logout" status="PASSED">
         <system-out><![CDATA[29-01-2024T21:53:49 - [TEST_CASE][PASSED] - Test Cases/CURA_Logout/Logout: Test Cases/CURA_Logout/Logout

29-01-2024T21:53:49 - [TEST_STEP][PASSED] - callTestCase(findTestCase("CURA_History/History"), [:], STOP_ON_FAILURE): Call Test Case 'Test Cases/CURA_History/History' successfully

29-01-2024T21:53:49 - [TEST_CASE][PASSED] - Test Cases/CURA_History/History: Test Cases/CURA_History/History

29-01-2024T21:53:49 - [TEST_STEP][PASSED] - callTestCase(findTestCase("CURA_Makeappointment/appointment booking"), ["Hospital":findTestData("CURA_BookingAppointment/Dropdown_list").getValue(1, 1), "Program":findTestData("CURA_BookingAppointment/Healthcare_Program").getValue(1, 1), ... ], STOP_ON_FAILURE): Call Test Case 'Test Cases/CURA_Makeappointment/appointment booking' successfully

29-01-2024T21:53:50 - [TEST_CASE][PASSED] - Test Cases/CURA_Makeappointment/appointment booking: Test Cases/CURA_Makeappointment/appointment booking

29-01-2024T21:53:50 - [TEST_STEP][PASSED] - callTestCase(findTestCase("CURA_Login/Login"), ["link":"https://katalon-demo-cura.herokuapp.com/", "Name":findTestData("CURA_login_data/login_data").getValue(1, 1), "Password":findTestData("CURA_login_data/login_data").getValue(2, 1)], STOP_ON_FAILURE): Call Test Case 'Test Cases/CURA_Login/Login' successfully

29-01-2024T21:53:50 - [TEST_CASE][PASSED] - Test Cases/CURA_Login/Login: Test Cases/CURA_Login/Login

29-01-2024T21:53:50 - [TEST_STEP][PASSED] - callTestCase(findTestCase("CURA_Healthcare_Service/CURA Heading validation"), ["link":"https://katalon-demo-cura.herokuapp.com/"], STOP_ON_FAILURE): Call Test Case 'Test Cases/CURA_Healthcare_Service/CURA Heading validation' successfully

29-01-2024T21:53:50 - [TEST_CASE][PASSED] - Test Cases/CURA_Healthcare_Service/CURA Heading validation: Test Cases/CURA_Healthcare_Service/CURA Heading validation

29-01-2024T21:53:50 - [TEST_STEP][PASSED] - openBrowser(link): Browser is opened with url: 'https://katalon-demo-cura.herokuapp.com/'

29-01-2024T21:53:50 - [MESSAGE][WARNING] - A browser is already opened. Closing browser and opening a new one

29-01-2024T21:53:50 - [MESSAGE][INFO] - Starting 'Chrome' driver

29-01-2024T21:53:50 - [MESSAGE][INFO] - Action delay is set to 0 milliseconds

29-01-2024T21:53:56 - [MESSAGE][PASSED] - Browser is opened with url: 'https://katalon-demo-cura.herokuapp.com/'

29-01-2024T21:53:56 - [TEST_STEP][PASSED] - verifyElementPresent(findTestObject("cura_healthcare/Cura_name_validation/h1_CURA Healthcare Service"), 0): Object 'Object Repository/cura_healthcare/Cura_name_validation/h1_CURA Healthcare Service' is present

29-01-2024T21:53:56 - [MESSAGE][WARNING] - Timeout '0' is invalid. Using default page load timeout: '30'

29-01-2024T21:53:56 - [MESSAGE][PASSED] - Object 'Object Repository/cura_healthcare/Cura_name_validation/h1_CURA Healthcare Service' is present

29-01-2024T21:53:56 - [MESSAGE][PASSED] - Call Test Case 'Test Cases/CURA_Healthcare_Service/CURA Heading validation' successfully

29-01-2024T21:53:56 - [TEST_STEP][PASSED] - click(findTestObject("cura_healthcare/Cura_LOGIN/Cura_login/i_CURA Healthcare_fa fa-bars")): Object: 'Object Repository/cura_healthcare/Cura_LOGIN/Cura_login/i_CURA Healthcare_fa fa-bars' is clicked on

29-01-2024T21:53:56 - [MESSAGE][PASSED] - Object: 'Object Repository/cura_healthcare/Cura_LOGIN/Cura_login/i_CURA Healthcare_fa fa-bars' is clicked on

29-01-2024T21:53:56 - [TEST_STEP][PASSED] - click(findTestObject("cura_healthcare/Cura_LOGIN/Cura_login/a_Login")): Object: 'Object Repository/cura_healthcare/Cura_LOGIN/Cura_login/a_Login' is clicked on

29-01-2024T21:53:58 - [MESSAGE][PASSED] - Object: 'Object Repository/cura_healthcare/Cura_LOGIN/Cura_login/a_Login' is clicked on

29-01-2024T21:53:58 - [TEST_STEP][PASSED] - setText(findTestObject("cura_healthcare/Cura_LOGIN/Cura_login/input_Username"), Name): Text 'John Doe' is set on object 'Object Repository/cura_healthcare/Cura_LOGIN/Cura_login/input_Username'

29-01-2024T21:53:59 - [MESSAGE][PASSED] - Text 'John Doe' is set on object 'Object Repository/cura_healthcare/Cura_LOGIN/Cura_login/input_Username'

29-01-2024T21:53:59 - [TEST_STEP][PASSED] - setText(findTestObject("cura_healthcare/Cura_LOGIN/Cura_login/input_Password"), Password): Text 'ThisIsNotAPassword' is set on object 'Object Repository/cura_healthcare/Cura_LOGIN/Cura_login/input_Password'

29-01-2024T21:53:59 - [MESSAGE][PASSED] - Text 'ThisIsNotAPassword' is set on object 'Object Repository/cura_healthcare/Cura_LOGIN/Cura_login/input_Password'

29-01-2024T21:53:59 - [TEST_STEP][PASSED] - click(findTestObject("cura_healthcare/Cura_LOGIN/Cura_login/button_Login")): Object: 'Object Repository/cura_healthcare/Cura_LOGIN/Cura_login/button_Login' is clicked on

29-01-2024T21:54:01 - [MESSAGE][PASSED] - Object: 'Object Repository/cura_healthcare/Cura_LOGIN/Cura_login/button_Login' is clicked on

29-01-2024T21:54:01 - [MESSAGE][PASSED] - Call Test Case 'Test Cases/CURA_Login/Login' successfully

29-01-2024T21:54:01 - [TEST_STEP][PASSED] - selectOptionByValue(findTestObject("cura_healthcare/Cura_booking_appointment/Booking appointment/Dropdown list"), Hospital, false): All options with value 'Hongkong CURA Healthcare Center' are selected in object 'Object Repository/cura_healthcare/Cura_booking_appointment/Booking appointment/Dropdown list' 

29-01-2024T21:54:02 - [MESSAGE][PASSED] - All options with value 'Hongkong CURA Healthcare Center' are selected in object 'Object Repository/cura_healthcare/Cura_booking_appointment/Booking appointment/Dropdown list' 

29-01-2024T21:54:02 - [TEST_STEP][PASSED] - check(findTestObject("cura_healthcare/Cura_booking_appointment/Booking appointment/Readmission")): Object 'Object Repository/cura_healthcare/Cura_booking_appointment/Booking appointment/Readmission' is checked

29-01-2024T21:54:02 - [MESSAGE][PASSED] - Object 'Object Repository/cura_healthcare/Cura_booking_appointment/Booking appointment/Readmission' is checked

29-01-2024T21:54:02 - [TEST_STEP][PASSED] - check(findTestObject("cura_healthcare/Cura_booking_appointment/Booking appointment/input_Medicaid_programs")): Object 'Object Repository/cura_healthcare/Cura_booking_appointment/Booking appointment/input_Medicaid_programs' is checked

29-01-2024T21:54:03 - [MESSAGE][PASSED] - Object 'Object Repository/cura_healthcare/Cura_booking_appointment/Booking appointment/input_Medicaid_programs' is checked

29-01-2024T21:54:03 - [TEST_STEP][PASSED] - setText(findTestObject("cura_healthcare/Cura_booking_appointment/Booking appointment/input_Visit Date (Required)_visit_date"), Set_Date): Text '24/01/2024' is set on object 'Object Repository/cura_healthcare/Cura_booking_appointment/Booking appointment/input_Visit Date (Required)_visit_date'

29-01-2024T21:54:03 - [MESSAGE][PASSED] - Text '24/01/2024' is set on object 'Object Repository/cura_healthcare/Cura_booking_appointment/Booking appointment/input_Visit Date (Required)_visit_date'

29-01-2024T21:54:03 - [TEST_STEP][PASSED] - setText(findTestObject("cura_healthcare/Cura_booking_appointment/Booking appointment/textarea_Comment_comment"), Comment): Text 'Cold' is set on object 'Object Repository/cura_healthcare/Cura_booking_appointment/Booking appointment/textarea_Comment_comment'

29-01-2024T21:54:04 - [MESSAGE][PASSED] - Text 'Cold' is set on object 'Object Repository/cura_healthcare/Cura_booking_appointment/Booking appointment/textarea_Comment_comment'

29-01-2024T21:54:04 - [TEST_STEP][PASSED] - click(findTestObject("cura_healthcare/Cura_booking_appointment/Booking appointment/button_Book Appointment")): Object: 'Object Repository/cura_healthcare/Cura_booking_appointment/Booking appointment/button_Book Appointment' is clicked on

29-01-2024T21:54:05 - [MESSAGE][PASSED] - Object: 'Object Repository/cura_healthcare/Cura_booking_appointment/Booking appointment/button_Book Appointment' is clicked on

29-01-2024T21:54:05 - [MESSAGE][PASSED] - Call Test Case 'Test Cases/CURA_Makeappointment/appointment booking' successfully

29-01-2024T21:54:05 - [TEST_STEP][PASSED] - click(findTestObject("cura_healthcare/Cura_History/History/i_CURA Healthcare_fa fa-bars")): Object: 'Object Repository/cura_healthcare/Cura_History/History/i_CURA Healthcare_fa fa-bars' is clicked on

29-01-2024T21:54:06 - [MESSAGE][PASSED] - Object: 'Object Repository/cura_healthcare/Cura_History/History/i_CURA Healthcare_fa fa-bars' is clicked on

29-01-2024T21:54:06 - [TEST_STEP][PASSED] - click(findTestObject("cura_healthcare/Cura_History/History/a_History")): Object: 'Object Repository/cura_healthcare/Cura_History/History/a_History' is clicked on

29-01-2024T21:54:07 - [MESSAGE][PASSED] - Object: 'Object Repository/cura_healthcare/Cura_History/History/a_History' is clicked on

29-01-2024T21:54:07 - [TEST_STEP][PASSED] - verifyElementPresent(findTestObject("cura_healthcare/Cura_History/History/h2_History"), 0): Object 'Object Repository/cura_healthcare/Cura_History/History/h2_History' is present

29-01-2024T21:54:07 - [MESSAGE][WARNING] - Timeout '0' is invalid. Using default page load timeout: '30'

29-01-2024T21:54:08 - [MESSAGE][PASSED] - Object 'Object Repository/cura_healthcare/Cura_History/History/h2_History' is present

29-01-2024T21:54:08 - [MESSAGE][PASSED] - Call Test Case 'Test Cases/CURA_History/History' successfully

29-01-2024T21:54:08 - [TEST_STEP][PASSED] - click(findTestObject("cura_healthcare/Cura_Logout/Logout/i_CURA Healthcare_fa fa-bars")): Object: 'Object Repository/cura_healthcare/Cura_Logout/Logout/i_CURA Healthcare_fa fa-bars' is clicked on

29-01-2024T21:54:08 - [MESSAGE][PASSED] - Object: 'Object Repository/cura_healthcare/Cura_Logout/Logout/i_CURA Healthcare_fa fa-bars' is clicked on

29-01-2024T21:54:08 - [TEST_STEP][PASSED] - click(findTestObject("cura_healthcare/Cura_Logout/Logout/a_Logout")): Object: 'Object Repository/cura_healthcare/Cura_Logout/Logout/a_Logout' is clicked on

29-01-2024T21:54:09 - [MESSAGE][PASSED] - Object: 'Object Repository/cura_healthcare/Cura_Logout/Logout/a_Logout' is clicked on

29-01-2024T21:54:09 - [TEST_STEP][PASSED] - verifyElementVisible(findTestObject("cura_healthcare/Cura_Logout/Logout/div_HOME")): Object 'Object Repository/cura_healthcare/Cura_Logout/Logout/div_HOME' is visible

29-01-2024T21:54:10 - [MESSAGE][PASSED] - Object 'Object Repository/cura_healthcare/Cura_Logout/Logout/div_HOME' is visible

29-01-2024T21:54:10 - [TEST_STEP][PASSED] - closeBrowser(): Browser is closed

29-01-2024T21:54:10 - [MESSAGE][PASSED] - Browser is closed]]></system-out>
         <system-err><![CDATA[]]></system-err>
      </testcase>
      <system-out><![CDATA[29-01-2024T21:52:54 - [TEST_SUITE][PASSED] - CURA: Test Cases/CURA_Logout/Logout]]></system-out>
      <system-err><![CDATA[]]></system-err>
   </testsuite>
</testsuites>
