<?xml version="1.0" encoding="UTF-8"?>
<testsuites name="TL_CURA_TS" time="53.132" tests="0" failures="0" errors="0">
   <testsuite name="TL_CURA_TS" tests="0" failures="0" errors="0" time="53.132" skipped="0" timestamp="31-01-2024T09:20:48" hostname="vishnu - vishnu" id="Test Suites/TL_TS_CURA/TL_CURA_TS">
      <properties>
         <property name="deviceName" value=""/>
         <property name="devicePlatform" value=""/>
         <property name="logFolder" value="/home/vishnu/git/Testing_project_CURA-HEALTHCARE/Reports/20240131_092025/TL_TS_CURA/TL_CURA_TS/20240131_092025"/>
         <property name="logFiles" value="/home/vishnu/git/Testing_project_CURA-HEALTHCARE/Reports/20240131_092025/TL_TS_CURA/TL_CURA_TS/20240131_092025/execution0.log"/>
         <property name="attachments" value=""/>
         <property name="hostName" value="vishnu - vishnu"/>
         <property name="os" value="Linux 64bit"/>
         <property name="katalonVersion" value="9.2.0.212"/>
         <property name="browser" value="null"/>
         <property name="hostAddress" value="127.0.1.1"/>
         <property name="sessionId" value="22cc8fc93d24370d4e5ac7aafdde48d9"/>
         <property name="seleniumVersion" value="3.141.59"/>
         <property name="proxyInformation" value="ProxyInformation { proxyOption=NO_PROXY, proxyServerType=HTTP, username=, password=********, proxyServerAddress=, proxyServerPort=0, executionList=&quot;&quot;, isApplyToDesiredCapabilities=true }"/>
         <property name="platform" value="Linux"/>
      </properties>
      <system-out><![CDATA[31-01-2024T09:20:48 - [TEST_SUITE][PASSED] - TL_CURA_TS: null]]></system-out>
      <system-err><![CDATA[]]></system-err>
   </testsuite>
</testsuites>
