<?xml version="1.0" encoding="UTF-8"?>
<testsuites name="CURA" time="80.663" tests="3" failures="0" errors="0">
   <testsuite name="CURA" tests="3" failures="0" errors="0" time="80.663" skipped="0" timestamp="29-01-2024T14:43:02" hostname="vishnu - vishnu" id="Test Suites/TS_CURA/CURA">
      <properties>
         <property name="deviceName" value=""/>
         <property name="devicePlatform" value=""/>
         <property name="logFolder" value="/home/vishnu/git/CURA-HEALTHCARE/Reports/20240129_144240/TS_CURA/CURA/20240129_144240"/>
         <property name="logFiles" value="/home/vishnu/git/CURA-HEALTHCARE/Reports/20240129_144240/TS_CURA/CURA/20240129_144240/execution0.log"/>
         <property name="attachments" value=""/>
         <property name="hostName" value="vishnu - vishnu"/>
         <property name="os" value="Linux 64bit"/>
         <property name="katalonVersion" value="9.2.0.212"/>
         <property name="browser" value="Chrome 120.0.0.0"/>
         <property name="hostAddress" value="127.0.1.1"/>
         <property name="sessionId" value="acec318959863f321ca2d1e2aab8e2fc"/>
         <property name="seleniumVersion" value="3.141.59"/>
         <property name="proxyInformation" value="ProxyInformation { proxyOption=NO_PROXY, proxyServerType=HTTP, username=, password=********, proxyServerAddress=, proxyServerPort=0, executionList=&quot;&quot;, isApplyToDesiredCapabilities=true }"/>
         <property name="platform" value="Linux"/>
      </properties>
      <testcase name="Test Cases/CURA_Healthcare_Service/CURA Heading validation" time="19.455" classname="Test Cases/CURA_Healthcare_Service/CURA Heading validation" status="PASSED">
         <system-out><![CDATA[29-01-2024T14:43:03 - [TEST_CASE][PASSED] - Test Cases/CURA_Healthcare_Service/CURA Heading validation: Test Cases/CURA_Healthcare_Service/CURA Heading validation

29-01-2024T14:43:05 - [TEST_STEP][PASSED] - openBrowser(link): Browser is opened with url: 'https://katalon-demo-cura.herokuapp.com/'

29-01-2024T14:43:06 - [MESSAGE][INFO] - Starting 'Chrome' driver

29-01-2024T14:43:07 - [MESSAGE][INFO] - Action delay is set to 0 milliseconds

29-01-2024T14:43:20 - [MESSAGE][PASSED] - Browser is opened with url: 'https://katalon-demo-cura.herokuapp.com/'

29-01-2024T14:43:20 - [TEST_STEP][PASSED] - verifyElementPresent(findTestObject("cura_healthcare/Cura_name_validation/h1_CURA Healthcare Service"), 0): Object 'Object Repository/cura_healthcare/Cura_name_validation/h1_CURA Healthcare Service' is present

29-01-2024T14:43:20 - [MESSAGE][WARNING] - Timeout '0' is invalid. Using default page load timeout: '30'

29-01-2024T14:43:21 - [MESSAGE][PASSED] - Object 'Object Repository/cura_healthcare/Cura_name_validation/h1_CURA Healthcare Service' is present

29-01-2024T14:43:22 - [TEST_STEP][PASSED] - closeBrowser(): Browser is closed

29-01-2024T14:43:22 - [MESSAGE][PASSED] - Browser is closed]]></system-out>
         <system-err><![CDATA[]]></system-err>
      </testcase>
      <testcase name="Test Cases/CURA_Login/cura_login" time="24.131" classname="Test Cases/CURA_Login/cura_login" status="PASSED">
         <system-out><![CDATA[29-01-2024T14:43:23 - [TEST_CASE][PASSED] - Test Cases/CURA_Login/cura_login: Test Cases/CURA_Login/cura_login

29-01-2024T14:43:24 - [TEST_STEP][PASSED] - openBrowser(link): Browser is opened with url: 'https://katalon-demo-cura.herokuapp.com/'

29-01-2024T14:43:24 - [MESSAGE][INFO] - Starting 'Chrome' driver

29-01-2024T14:43:24 - [MESSAGE][INFO] - Action delay is set to 0 milliseconds

29-01-2024T14:43:36 - [MESSAGE][PASSED] - Browser is opened with url: 'https://katalon-demo-cura.herokuapp.com/'

29-01-2024T14:43:36 - [TEST_STEP][PASSED] - click(findTestObject("cura_healthcare/Cura_LOGIN/Cura_login/i_CURA Healthcare_fa fa-bars")): Object: 'Object Repository/cura_healthcare/Cura_LOGIN/Cura_login/i_CURA Healthcare_fa fa-bars' is clicked on

29-01-2024T14:43:37 - [MESSAGE][PASSED] - Object: 'Object Repository/cura_healthcare/Cura_LOGIN/Cura_login/i_CURA Healthcare_fa fa-bars' is clicked on

29-01-2024T14:43:37 - [TEST_STEP][PASSED] - click(findTestObject("cura_healthcare/Cura_LOGIN/Cura_login/a_Login")): Object: 'Object Repository/cura_healthcare/Cura_LOGIN/Cura_login/a_Login' is clicked on

29-01-2024T14:43:40 - [MESSAGE][PASSED] - Object: 'Object Repository/cura_healthcare/Cura_LOGIN/Cura_login/a_Login' is clicked on

29-01-2024T14:43:40 - [TEST_STEP][PASSED] - setText(findTestObject("cura_healthcare/Cura_LOGIN/Cura_login/input_Username"), Name): Text 'John Doe' is set on object 'Object Repository/cura_healthcare/Cura_LOGIN/Cura_login/input_Username'

29-01-2024T14:43:42 - [MESSAGE][PASSED] - Text 'John Doe' is set on object 'Object Repository/cura_healthcare/Cura_LOGIN/Cura_login/input_Username'

29-01-2024T14:43:42 - [TEST_STEP][PASSED] - setText(findTestObject("cura_healthcare/Cura_LOGIN/Cura_login/input_Password"), Password): Text 'ThisIsNotAPassword' is set on object 'Object Repository/cura_healthcare/Cura_LOGIN/Cura_login/input_Password'

29-01-2024T14:43:44 - [MESSAGE][PASSED] - Text 'ThisIsNotAPassword' is set on object 'Object Repository/cura_healthcare/Cura_LOGIN/Cura_login/input_Password'

29-01-2024T14:43:44 - [TEST_STEP][PASSED] - click(findTestObject("cura_healthcare/Cura_LOGIN/Cura_login/button_Login")): Object: 'Object Repository/cura_healthcare/Cura_LOGIN/Cura_login/button_Login' is clicked on

29-01-2024T14:43:47 - [MESSAGE][PASSED] - Object: 'Object Repository/cura_healthcare/Cura_LOGIN/Cura_login/button_Login' is clicked on]]></system-out>
         <system-err><![CDATA[]]></system-err>
      </testcase>
      <testcase name="Test Cases/CURA_Makeappointment/appointment booking" time="34.861" classname="Test Cases/CURA_Makeappointment/appointment booking" status="PASSED">
         <system-out><![CDATA[29-01-2024T14:43:48 - [TEST_CASE][PASSED] - Test Cases/CURA_Makeappointment/appointment booking: Test Cases/CURA_Makeappointment/appointment booking

29-01-2024T14:43:49 - [TEST_STEP][PASSED] - callTestCase(findTestCase("CURA_Login/cura_login"), ["link":"https://katalon-demo-cura.herokuapp.com/", "Name":findTestData("CURA_login_data/login_data").getValue(1, 1), "Password":findTestData("CURA_login_data/login_data").getValue(2, 1)], STOP_ON_FAILURE): Call Test Case 'Test Cases/CURA_Login/cura_login' successfully

29-01-2024T14:43:52 - [TEST_CASE][PASSED] - Test Cases/CURA_Login/cura_login: Test Cases/CURA_Login/cura_login

29-01-2024T14:43:53 - [TEST_STEP][PASSED] - openBrowser(link): Browser is opened with url: 'https://katalon-demo-cura.herokuapp.com/'

29-01-2024T14:43:53 - [MESSAGE][WARNING] - A browser is already opened. Closing browser and opening a new one

29-01-2024T14:43:53 - [MESSAGE][INFO] - Starting 'Chrome' driver

29-01-2024T14:43:53 - [MESSAGE][INFO] - Action delay is set to 0 milliseconds

29-01-2024T14:44:03 - [MESSAGE][PASSED] - Browser is opened with url: 'https://katalon-demo-cura.herokuapp.com/'

29-01-2024T14:44:03 - [TEST_STEP][PASSED] - click(findTestObject("cura_healthcare/Cura_LOGIN/Cura_login/i_CURA Healthcare_fa fa-bars")): Object: 'Object Repository/cura_healthcare/Cura_LOGIN/Cura_login/i_CURA Healthcare_fa fa-bars' is clicked on

29-01-2024T14:44:04 - [MESSAGE][PASSED] - Object: 'Object Repository/cura_healthcare/Cura_LOGIN/Cura_login/i_CURA Healthcare_fa fa-bars' is clicked on

29-01-2024T14:44:04 - [TEST_STEP][PASSED] - click(findTestObject("cura_healthcare/Cura_LOGIN/Cura_login/a_Login")): Object: 'Object Repository/cura_healthcare/Cura_LOGIN/Cura_login/a_Login' is clicked on

29-01-2024T14:44:06 - [MESSAGE][PASSED] - Object: 'Object Repository/cura_healthcare/Cura_LOGIN/Cura_login/a_Login' is clicked on

29-01-2024T14:44:06 - [TEST_STEP][PASSED] - setText(findTestObject("cura_healthcare/Cura_LOGIN/Cura_login/input_Username"), Name): Text 'John Doe' is set on object 'Object Repository/cura_healthcare/Cura_LOGIN/Cura_login/input_Username'

29-01-2024T14:44:08 - [MESSAGE][PASSED] - Text 'John Doe' is set on object 'Object Repository/cura_healthcare/Cura_LOGIN/Cura_login/input_Username'

29-01-2024T14:44:08 - [TEST_STEP][PASSED] - setText(findTestObject("cura_healthcare/Cura_LOGIN/Cura_login/input_Password"), Password): Text 'ThisIsNotAPassword' is set on object 'Object Repository/cura_healthcare/Cura_LOGIN/Cura_login/input_Password'

29-01-2024T14:44:10 - [MESSAGE][PASSED] - Text 'ThisIsNotAPassword' is set on object 'Object Repository/cura_healthcare/Cura_LOGIN/Cura_login/input_Password'

29-01-2024T14:44:10 - [TEST_STEP][PASSED] - click(findTestObject("cura_healthcare/Cura_LOGIN/Cura_login/button_Login")): Object: 'Object Repository/cura_healthcare/Cura_LOGIN/Cura_login/button_Login' is clicked on

29-01-2024T14:44:14 - [MESSAGE][PASSED] - Object: 'Object Repository/cura_healthcare/Cura_LOGIN/Cura_login/button_Login' is clicked on

29-01-2024T14:44:14 - [MESSAGE][PASSED] - Call Test Case 'Test Cases/CURA_Login/cura_login' successfully

29-01-2024T14:44:14 - [TEST_STEP][PASSED] - selectOptionByValue(findTestObject("cura_healthcare/Cura_booking_appointment/Booking appointment/Dropdown list"), Hospital, false): All options with value 'Hongkong CURA Healthcare Center' are selected in object 'Object Repository/cura_healthcare/Cura_booking_appointment/Booking appointment/Dropdown list' 

29-01-2024T14:44:15 - [MESSAGE][PASSED] - All options with value 'Hongkong CURA Healthcare Center' are selected in object 'Object Repository/cura_healthcare/Cura_booking_appointment/Booking appointment/Dropdown list' 

29-01-2024T14:44:15 - [TEST_STEP][PASSED] - check(findTestObject("cura_healthcare/Cura_booking_appointment/Booking appointment/Readmission")): Object 'Object Repository/cura_healthcare/Cura_booking_appointment/Booking appointment/Readmission' is checked

29-01-2024T14:44:16 - [MESSAGE][PASSED] - Object 'Object Repository/cura_healthcare/Cura_booking_appointment/Booking appointment/Readmission' is checked

29-01-2024T14:44:16 - [TEST_STEP][PASSED] - check(findTestObject("cura_healthcare/Cura_booking_appointment/Booking appointment/input_Medicaid_programs")): Object 'Object Repository/cura_healthcare/Cura_booking_appointment/Booking appointment/input_Medicaid_programs' is checked

29-01-2024T14:44:17 - [MESSAGE][PASSED] - Object 'Object Repository/cura_healthcare/Cura_booking_appointment/Booking appointment/input_Medicaid_programs' is checked

29-01-2024T14:44:17 - [TEST_STEP][PASSED] - setText(findTestObject("cura_healthcare/Cura_booking_appointment/Booking appointment/input_Visit Date (Required)_visit_date"), Set_Date): Text '24/01/2024' is set on object 'Object Repository/cura_healthcare/Cura_booking_appointment/Booking appointment/input_Visit Date (Required)_visit_date'

29-01-2024T14:44:19 - [MESSAGE][PASSED] - Text '24/01/2024' is set on object 'Object Repository/cura_healthcare/Cura_booking_appointment/Booking appointment/input_Visit Date (Required)_visit_date'

29-01-2024T14:44:19 - [TEST_STEP][PASSED] - setText(findTestObject("cura_healthcare/Cura_booking_appointment/Booking appointment/textarea_Comment_comment"), Comment): Text 'Cold' is set on object 'Object Repository/cura_healthcare/Cura_booking_appointment/Booking appointment/textarea_Comment_comment'

29-01-2024T14:44:21 - [MESSAGE][PASSED] - Text 'Cold' is set on object 'Object Repository/cura_healthcare/Cura_booking_appointment/Booking appointment/textarea_Comment_comment'

29-01-2024T14:44:21 - [TEST_STEP][PASSED] - click(findTestObject("cura_healthcare/Cura_booking_appointment/Booking appointment/button_Book Appointment")): Object: 'Object Repository/cura_healthcare/Cura_booking_appointment/Booking appointment/button_Book Appointment' is clicked on

29-01-2024T14:44:22 - [MESSAGE][PASSED] - Object: 'Object Repository/cura_healthcare/Cura_booking_appointment/Booking appointment/button_Book Appointment' is clicked on]]></system-out>
         <system-err><![CDATA[]]></system-err>
      </testcase>
      <system-out><![CDATA[29-01-2024T14:43:02 - [TEST_SUITE][PASSED] - CURA: Test Cases/CURA_Makeappointment/appointment booking]]></system-out>
      <system-err><![CDATA[]]></system-err>
   </testsuite>
</testsuites>
