<?xml version="1.0" encoding="UTF-8"?>
<testsuites name="CURA_Validation_TS" time="8.009" tests="1" failures="0" errors="0">
   <testsuite name="CURA_Validation_TS" tests="1" failures="0" errors="0" time="8.009" skipped="0" timestamp="30-01-2024T22:41:05" hostname="vishnu - vishnu" id="Test Suites/TL_CURA_TS/CURA_Validation_TS">
      <properties>
         <property name="deviceName" value=""/>
         <property name="devicePlatform" value=""/>
         <property name="logFolder" value="/home/vishnu/git/Testing_project_CURA-HEALTHCARE/Reports/20240130_224053/TL_CURA_TS/CURA_Validation_TS/20240130_224054"/>
         <property name="logFiles" value="/home/vishnu/git/Testing_project_CURA-HEALTHCARE/Reports/20240130_224053/TL_CURA_TS/CURA_Validation_TS/20240130_224054/execution0.log"/>
         <property name="attachments" value=""/>
         <property name="hostName" value="vishnu - vishnu"/>
         <property name="os" value="Linux 64bit"/>
         <property name="katalonVersion" value="9.2.0.212"/>
         <property name="browser" value="Chrome 120.0.0.0"/>
         <property name="hostAddress" value="127.0.1.1"/>
         <property name="sessionId" value="f638bd7d84191ece61f2b740d6902f4f"/>
         <property name="seleniumVersion" value="3.141.59"/>
         <property name="proxyInformation" value="ProxyInformation { proxyOption=NO_PROXY, proxyServerType=HTTP, username=, password=********, proxyServerAddress=, proxyServerPort=0, executionList=&quot;&quot;, isApplyToDesiredCapabilities=true }"/>
         <property name="platform" value="Linux"/>
      </properties>
      <testcase name="Test Cases/CURA_Name_validation/CURA Heading validation" time="7.517" classname="Test Cases/CURA_Name_validation/CURA Heading validation" status="PASSED">
         <system-out><![CDATA[30-01-2024T22:41:05 - [TEST_CASE][PASSED] - Test Cases/CURA_Name_validation/CURA Heading validation: Test Cases/CURA_Name_validation/CURA Heading validation

30-01-2024T22:41:05 - [TEST_STEP][PASSED] - Start setup action : setupTestCase: Method 'setupTestCase' complete successfully

30-01-2024T22:41:05 - [TEST_STEP][PASSED] - openBrowser(""): Browser is opened with url: ''

30-01-2024T22:41:05 - [MESSAGE][INFO] - Starting 'Chrome' driver

30-01-2024T22:41:05 - [MESSAGE][INFO] - Action delay is set to 0 milliseconds

30-01-2024T22:41:07 - [MESSAGE][PASSED] - Browser is opened with url: ''

30-01-2024T22:41:07 - [TEST_STEP][PASSED] - navigateToUrl("https://katalon-demo-cura.herokuapp.com/"): Navigate to 'https://katalon-demo-cura.herokuapp.com/' successfully

30-01-2024T22:41:13 - [MESSAGE][PASSED] - Navigate to 'https://katalon-demo-cura.herokuapp.com/' successfully

30-01-2024T22:41:13 - [MESSAGE][PASSED] - Method 'setupTestCase' complete successfully

30-01-2024T22:41:13 - [TEST_STEP][PASSED] - return null: null]]></system-out>
         <system-err><![CDATA[]]></system-err>
      </testcase>
      <system-out><![CDATA[30-01-2024T22:41:05 - [TEST_SUITE][PASSED] - CURA_Validation_TS: Test Cases/CURA_Name_validation/CURA Heading validation]]></system-out>
      <system-err><![CDATA[]]></system-err>
   </testsuite>
</testsuites>
