<?xml version="1.0" encoding="UTF-8"?>
<testsuites name="TL_CURA_TS" time="7.601" tests="0" failures="0" errors="0">
   <testsuite name="TL_CURA_TS" tests="0" failures="0" errors="0" time="7.601" skipped="0" timestamp="31-01-2024T07:42:23" hostname="vishnu - vishnu" id="Test Suites/TL_TS_CURA/TL_CURA_TS">
      <properties>
         <property name="deviceName" value=""/>
         <property name="devicePlatform" value=""/>
         <property name="logFolder" value="/home/vishnu/git/Testing_project_CURA-HEALTHCARE/Reports/20240131_074210/TL_TS_CURA/TL_CURA_TS/20240131_074210"/>
         <property name="logFiles" value="/home/vishnu/git/Testing_project_CURA-HEALTHCARE/Reports/20240131_074210/TL_TS_CURA/TL_CURA_TS/20240131_074210/execution0.log"/>
         <property name="attachments" value=""/>
         <property name="hostName" value="vishnu - vishnu"/>
         <property name="hostAddress" value="127.0.1.1"/>
         <property name="os" value="Linux 64bit"/>
         <property name="katalonVersion" value="9.2.0.212"/>
      </properties>
      <system-out><![CDATA[31-01-2024T07:42:23 - [TEST_SUITE][PASSED] - TL_CURA_TS: null]]></system-out>
      <system-err><![CDATA[]]></system-err>
   </testsuite>
</testsuites>
