<?xml version="1.0" encoding="UTF-8"?>
<testsuites name="CURA_Validation_TC" time="8.106" tests="1" failures="0" errors="0">
   <testsuite name="CURA_Validation_TC" tests="1" failures="0" errors="0" time="8.106" skipped="0" timestamp="30-01-2024T12:34:13" hostname="vishnu - vishnu" id="Test Suites/TS_CURA/CURA_Validation_TC">
      <properties>
         <property name="deviceName" value=""/>
         <property name="devicePlatform" value=""/>
         <property name="logFolder" value="/home/vishnu/git/Testing_project_CURA-HEALTHCARE/Reports/20240130_123402/TS_CURA/CURA_Validation_TC/20240130_123403"/>
         <property name="logFiles" value="/home/vishnu/git/Testing_project_CURA-HEALTHCARE/Reports/20240130_123402/TS_CURA/CURA_Validation_TC/20240130_123403/execution0.log"/>
         <property name="attachments" value=""/>
         <property name="hostName" value="vishnu - vishnu"/>
         <property name="os" value="Linux 64bit"/>
         <property name="katalonVersion" value="9.2.0.212"/>
         <property name="browser" value="Chrome 120.0.0.0"/>
         <property name="hostAddress" value="127.0.1.1"/>
         <property name="sessionId" value="c12e925c9d2f9c35025414a39e93b819"/>
         <property name="seleniumVersion" value="3.141.59"/>
         <property name="proxyInformation" value="ProxyInformation { proxyOption=NO_PROXY, proxyServerType=HTTP, username=, password=********, proxyServerAddress=, proxyServerPort=0, executionList=&quot;&quot;, isApplyToDesiredCapabilities=true }"/>
         <property name="platform" value="Linux"/>
      </properties>
      <testcase name="Test Cases/CURA_Name_validation/CURA Heading validation" time="7.965" classname="Test Cases/CURA_Name_validation/CURA Heading validation" status="PASSED">
         <system-out><![CDATA[30-01-2024T12:34:13 - [TEST_CASE][PASSED] - Test Cases/CURA_Name_validation/CURA Heading validation: Test Cases/CURA_Name_validation/CURA Heading validation

30-01-2024T12:34:13 - [TEST_STEP][PASSED] - openBrowser(link): Browser is opened with url: 'https://katalon-demo-cura.herokuapp.com/'

30-01-2024T12:34:14 - [MESSAGE][INFO] - Starting 'Chrome' driver

30-01-2024T12:34:14 - [MESSAGE][INFO] - Action delay is set to 0 milliseconds

30-01-2024T12:34:21 - [MESSAGE][PASSED] - Browser is opened with url: 'https://katalon-demo-cura.herokuapp.com/'

30-01-2024T12:34:21 - [TEST_STEP][PASSED] - verifyElementPresent(findTestObject("cura_healthcare/Cura_name_validation/h1_CURA Healthcare Service"), 30): Object 'Object Repository/cura_healthcare/Cura_name_validation/h1_CURA Healthcare Service' is present

30-01-2024T12:34:21 - [MESSAGE][PASSED] - Object 'Object Repository/cura_healthcare/Cura_name_validation/h1_CURA Healthcare Service' is present]]></system-out>
         <system-err><![CDATA[]]></system-err>
      </testcase>
      <system-out><![CDATA[30-01-2024T12:34:13 - [TEST_SUITE][PASSED] - CURA_Validation_TC: Test Cases/CURA_Name_validation/CURA Heading validation]]></system-out>
      <system-err><![CDATA[]]></system-err>
   </testsuite>
</testsuites>
